<?xml version="1.0" encoding="UTF-8"?>
<testng-results ignored="0" total="3" passed="2" failed="0" skipped="1">
  <reporter-output>
  </reporter-output>
  <suite started-at="2021-03-16T14:50:07Z" name="Suite" finished-at="2021-03-16T14:50:51Z" duration-ms="43378">
    <groups>
    </groups>
    <test started-at="2021-03-16T14:50:07Z" name="TestEdge" finished-at="2021-03-16T14:50:29Z" duration-ms="22031">
      <class name="com.CrossBrowser.test.ActitimeLogin">
        <test-method is-config="true" signature="openbrowser(java.lang.String)[pri:0, instance:com.CrossBrowser.test.ActitimeLogin@6ef888f6]" started-at="2021-03-16T14:50:07Z" name="openbrowser" finished-at="2021-03-16T14:50:29Z" duration-ms="21970" status="FAIL">
          <params>
            <param index="0">
              <value>
                <![CDATA[edge]]>
              </value>
            </param>
          </params>
          <exception class="io.github.bonigarcia.wdm.WebDriverManagerException">
            <message>
              <![CDATA[java.lang.NullPointerException: Cannot invoke "java.io.File.getAbsoluteFile()" because the return value of "io.github.bonigarcia.wdm.WebDriverManager.postDownload(java.io.File)" is null]]>
            </message>
            <full-stacktrace>
              <![CDATA[io.github.bonigarcia.wdm.WebDriverManagerException: java.lang.NullPointerException: Cannot invoke "java.io.File.getAbsoluteFile()" because the return value of "io.github.bonigarcia.wdm.WebDriverManager.postDownload(java.io.File)" is null
at io.github.bonigarcia.wdm.WebDriverManager.handleException(WebDriverManager.java:776)
at io.github.bonigarcia.wdm.WebDriverManager.manage(WebDriverManager.java:550)
at io.github.bonigarcia.wdm.WebDriverManager.handleException(WebDriverManager.java:773)
at io.github.bonigarcia.wdm.WebDriverManager.manage(WebDriverManager.java:550)
at io.github.bonigarcia.wdm.WebDriverManager.handleException(WebDriverManager.java:766)
at io.github.bonigarcia.wdm.WebDriverManager.manage(WebDriverManager.java:550)
at io.github.bonigarcia.wdm.WebDriverManager.setup(WebDriverManager.java:260)
at com.CrossBrowser.generics.BaseTest.openbrowser(BaseTest.java:29)
at java.base/jdk.internal.reflect.NativeMethodAccessorImpl.invoke0(Native Method)
at java.base/jdk.internal.reflect.NativeMethodAccessorImpl.invoke(NativeMethodAccessorImpl.java:62)
at java.base/jdk.internal.reflect.DelegatingMethodAccessorImpl.invoke(DelegatingMethodAccessorImpl.java:43)
at java.base/java.lang.reflect.Method.invoke(Method.java:564)
at org.testng.internal.MethodInvocationHelper.invokeMethod(MethodInvocationHelper.java:124)
at org.testng.internal.MethodInvocationHelper.invokeMethodConsideringTimeout(MethodInvocationHelper.java:59)
at org.testng.internal.Invoker.invokeConfigurationMethod(Invoker.java:458)
at org.testng.internal.Invoker.invokeConfigurations(Invoker.java:222)
at org.testng.internal.Invoker.invokeConfigurations(Invoker.java:142)
at org.testng.internal.TestMethodWorker.invokeBeforeClassMethods(TestMethodWorker.java:168)
at org.testng.internal.TestMethodWorker.run(TestMethodWorker.java:105)
at org.testng.TestRunner.privateRun(TestRunner.java:648)
at org.testng.TestRunner.run(TestRunner.java:505)
at org.testng.SuiteRunner.runTest(SuiteRunner.java:455)
at org.testng.SuiteRunner.access$000(SuiteRunner.java:40)
at org.testng.SuiteRunner$SuiteWorker.run(SuiteRunner.java:489)
at org.testng.internal.thread.ThreadUtil$1.call(ThreadUtil.java:52)
at java.base/java.util.concurrent.FutureTask.run(FutureTask.java:264)
at java.base/java.util.concurrent.ThreadPoolExecutor.runWorker(ThreadPoolExecutor.java:1130)
at java.base/java.util.concurrent.ThreadPoolExecutor$Worker.run(ThreadPoolExecutor.java:630)
at java.base/java.lang.Thread.run(Thread.java:832)
Caused by: java.lang.NullPointerException: Cannot invoke "java.io.File.getAbsoluteFile()" because the return value of "io.github.bonigarcia.wdm.WebDriverManager.postDownload(java.io.File)" is null
at io.github.bonigarcia.wdm.Downloader.extract(Downloader.java:202)
at io.github.bonigarcia.wdm.Downloader.downloadAndExtract(Downloader.java:138)
at io.github.bonigarcia.wdm.Downloader.download(Downloader.java:81)
at io.github.bonigarcia.wdm.WebDriverManager.downloadCandidateUrls(WebDriverManager.java:784)
at io.github.bonigarcia.wdm.WebDriverManager.downloadAndExport(WebDriverManager.java:578)
at io.github.bonigarcia.wdm.WebDriverManager.manage(WebDriverManager.java:547)
... 27 more
]]>
            </full-stacktrace>
          </exception> <!-- io.github.bonigarcia.wdm.WebDriverManagerException -->
          <reporter-output>
          </reporter-output>
        </test-method> <!-- openbrowser -->
        <test-method is-config="true" signature="enterURL()[pri:0, instance:com.CrossBrowser.test.ActitimeLogin@6ef888f6]" started-at="2021-03-16T14:50:29Z" name="enterURL" finished-at="2021-03-16T14:50:29Z" duration-ms="0" status="SKIP">
          <reporter-output>
          </reporter-output>
        </test-method> <!-- enterURL -->
        <test-method signature="login()[pri:0, instance:com.CrossBrowser.test.ActitimeLogin@6ef888f6]" started-at="2021-03-16T14:50:29Z" name="login" finished-at="2021-03-16T14:50:29Z" duration-ms="0" status="SKIP">
          <exception class="io.github.bonigarcia.wdm.WebDriverManagerException">
            <message>
              <![CDATA[java.lang.NullPointerException: Cannot invoke "java.io.File.getAbsoluteFile()" because the return value of "io.github.bonigarcia.wdm.WebDriverManager.postDownload(java.io.File)" is null]]>
            </message>
            <full-stacktrace>
              <![CDATA[io.github.bonigarcia.wdm.WebDriverManagerException: java.lang.NullPointerException: Cannot invoke "java.io.File.getAbsoluteFile()" because the return value of "io.github.bonigarcia.wdm.WebDriverManager.postDownload(java.io.File)" is null
at io.github.bonigarcia.wdm.WebDriverManager.handleException(WebDriverManager.java:776)
at io.github.bonigarcia.wdm.WebDriverManager.manage(WebDriverManager.java:550)
at io.github.bonigarcia.wdm.WebDriverManager.handleException(WebDriverManager.java:773)
at io.github.bonigarcia.wdm.WebDriverManager.manage(WebDriverManager.java:550)
at io.github.bonigarcia.wdm.WebDriverManager.handleException(WebDriverManager.java:766)
at io.github.bonigarcia.wdm.WebDriverManager.manage(WebDriverManager.java:550)
at io.github.bonigarcia.wdm.WebDriverManager.setup(WebDriverManager.java:260)
at com.CrossBrowser.generics.BaseTest.openbrowser(BaseTest.java:29)
at java.base/jdk.internal.reflect.NativeMethodAccessorImpl.invoke0(Native Method)
at java.base/jdk.internal.reflect.NativeMethodAccessorImpl.invoke(NativeMethodAccessorImpl.java:62)
at java.base/jdk.internal.reflect.DelegatingMethodAccessorImpl.invoke(DelegatingMethodAccessorImpl.java:43)
at java.base/java.lang.reflect.Method.invoke(Method.java:564)
at org.testng.internal.MethodInvocationHelper.invokeMethod(MethodInvocationHelper.java:124)
at org.testng.internal.MethodInvocationHelper.invokeMethodConsideringTimeout(MethodInvocationHelper.java:59)
at org.testng.internal.Invoker.invokeConfigurationMethod(Invoker.java:458)
at org.testng.internal.Invoker.invokeConfigurations(Invoker.java:222)
at org.testng.internal.Invoker.invokeConfigurations(Invoker.java:142)
at org.testng.internal.TestMethodWorker.invokeBeforeClassMethods(TestMethodWorker.java:168)
at org.testng.internal.TestMethodWorker.run(TestMethodWorker.java:105)
at org.testng.TestRunner.privateRun(TestRunner.java:648)
at org.testng.TestRunner.run(TestRunner.java:505)
at org.testng.SuiteRunner.runTest(SuiteRunner.java:455)
at org.testng.SuiteRunner.access$000(SuiteRunner.java:40)
at org.testng.SuiteRunner$SuiteWorker.run(SuiteRunner.java:489)
at org.testng.internal.thread.ThreadUtil$1.call(ThreadUtil.java:52)
at java.base/java.util.concurrent.FutureTask.run(FutureTask.java:264)
at java.base/java.util.concurrent.ThreadPoolExecutor.runWorker(ThreadPoolExecutor.java:1130)
at java.base/java.util.concurrent.ThreadPoolExecutor$Worker.run(ThreadPoolExecutor.java:630)
at java.base/java.lang.Thread.run(Thread.java:832)
Caused by: java.lang.NullPointerException: Cannot invoke "java.io.File.getAbsoluteFile()" because the return value of "io.github.bonigarcia.wdm.WebDriverManager.postDownload(java.io.File)" is null
at io.github.bonigarcia.wdm.Downloader.extract(Downloader.java:202)
at io.github.bonigarcia.wdm.Downloader.downloadAndExtract(Downloader.java:138)
at io.github.bonigarcia.wdm.Downloader.download(Downloader.java:81)
at io.github.bonigarcia.wdm.WebDriverManager.downloadCandidateUrls(WebDriverManager.java:784)
at io.github.bonigarcia.wdm.WebDriverManager.downloadAndExport(WebDriverManager.java:578)
at io.github.bonigarcia.wdm.WebDriverManager.manage(WebDriverManager.java:547)
... 27 more
]]>
            </full-stacktrace>
          </exception> <!-- io.github.bonigarcia.wdm.WebDriverManagerException -->
          <reporter-output>
          </reporter-output>
        </test-method> <!-- login -->
        <test-method is-config="true" signature="closeBrowser()[pri:0, instance:com.CrossBrowser.test.ActitimeLogin@6ef888f6]" started-at="2021-03-16T14:50:29Z" name="closeBrowser" finished-at="2021-03-16T14:50:29Z" duration-ms="0" status="SKIP">
          <reporter-output>
          </reporter-output>
        </test-method> <!-- closeBrowser -->
      </class> <!-- com.CrossBrowser.test.ActitimeLogin -->
    </test> <!-- TestEdge -->
    <test started-at="2021-03-16T14:50:07Z" name="TestChrome" finished-at="2021-03-16T14:50:38Z" duration-ms="30272">
      <class name="com.CrossBrowser.test.ActitimeLogin">
        <test-method is-config="true" signature="openbrowser(java.lang.String)[pri:0, instance:com.CrossBrowser.test.ActitimeLogin@2b6faea6]" started-at="2021-03-16T14:50:07Z" name="openbrowser" finished-at="2021-03-16T14:50:10Z" duration-ms="3131" status="PASS">
          <params>
            <param index="0">
              <value>
                <![CDATA[chrome]]>
              </value>
            </param>
          </params>
          <reporter-output>
          </reporter-output>
        </test-method> <!-- openbrowser -->
        <test-method is-config="true" signature="enterURL()[pri:0, instance:com.CrossBrowser.test.ActitimeLogin@2b6faea6]" started-at="2021-03-16T14:50:10Z" name="enterURL" finished-at="2021-03-16T14:50:35Z" duration-ms="24850" status="PASS">
          <reporter-output>
          </reporter-output>
        </test-method> <!-- enterURL -->
        <test-method signature="login()[pri:0, instance:com.CrossBrowser.test.ActitimeLogin@2b6faea6]" started-at="2021-03-16T14:50:35Z" name="login" finished-at="2021-03-16T14:50:36Z" duration-ms="687" status="PASS">
          <reporter-output>
          </reporter-output>
        </test-method> <!-- login -->
        <test-method is-config="true" signature="closeBrowser()[pri:0, instance:com.CrossBrowser.test.ActitimeLogin@2b6faea6]" started-at="2021-03-16T14:50:36Z" name="closeBrowser" finished-at="2021-03-16T14:50:38Z" duration-ms="1580" status="PASS">
          <reporter-output>
          </reporter-output>
        </test-method> <!-- closeBrowser -->
      </class> <!-- com.CrossBrowser.test.ActitimeLogin -->
    </test> <!-- TestChrome -->
    <test started-at="2021-03-16T14:50:07Z" name="TestFirefox" finished-at="2021-03-16T14:50:51Z" duration-ms="43378">
      <class name="com.CrossBrowser.test.ActitimeLogin">
        <test-method is-config="true" signature="openbrowser(java.lang.String)[pri:0, instance:com.CrossBrowser.test.ActitimeLogin@22a637e7]" started-at="2021-03-16T14:50:07Z" name="openbrowser" finished-at="2021-03-16T14:50:23Z" duration-ms="15600" status="PASS">
          <params>
            <param index="0">
              <value>
                <![CDATA[firefox]]>
              </value>
            </param>
          </params>
          <reporter-output>
          </reporter-output>
        </test-method> <!-- openbrowser -->
        <test-method is-config="true" signature="enterURL()[pri:0, instance:com.CrossBrowser.test.ActitimeLogin@22a637e7]" started-at="2021-03-16T14:50:23Z" name="enterURL" finished-at="2021-03-16T14:50:47Z" duration-ms="24572" status="PASS">
          <reporter-output>
          </reporter-output>
        </test-method> <!-- enterURL -->
        <test-method signature="login()[pri:0, instance:com.CrossBrowser.test.ActitimeLogin@22a637e7]" started-at="2021-03-16T14:50:47Z" name="login" finished-at="2021-03-16T14:50:48Z" duration-ms="554" status="PASS">
          <reporter-output>
          </reporter-output>
        </test-method> <!-- login -->
        <test-method is-config="true" signature="closeBrowser()[pri:0, instance:com.CrossBrowser.test.ActitimeLogin@22a637e7]" started-at="2021-03-16T14:50:48Z" name="closeBrowser" finished-at="2021-03-16T14:50:51Z" duration-ms="2635" status="PASS">
          <reporter-output>
          </reporter-output>
        </test-method> <!-- closeBrowser -->
      </class> <!-- com.CrossBrowser.test.ActitimeLogin -->
    </test> <!-- TestFirefox -->
  </suite> <!-- Suite -->
</testng-results>
