<?xml version="1.0" encoding="UTF-8"?>
<!-- Generated by org.testng.reporters.JUnitXMLReporter -->
<testsuite ignored="0" hostname="ANURAG24" failures="0" tests="1" name="TestChrome" time="30.272" errors="0" timestamp="16 Mar 2021 14:50:38 GMT">
  <testcase classname="com.CrossBrowser.generics.BaseTest" name="@BeforeClass openbrowser" time="21.97">
    <failure type="io.github.bonigarcia.wdm.WebDriverManagerException" message="java.lang.NullPointerException: Cannot invoke &amp;quot;java.io.File.getAbsoluteFile()&amp;quot; because the return value of &amp;quot;io.github.bonigarcia.wdm.WebDriverManager.postDownload(java.io.File)&amp;quot; is null">
      <![CDATA[io.github.bonigarcia.wdm.WebDriverManagerException: java.lang.NullPointerException: Cannot invoke "java.io.File.getAbsoluteFile()" because the return value of "io.github.bonigarcia.wdm.WebDriverManager.postDownload(java.io.File)" is null
at io.github.bonigarcia.wdm.WebDriverManager.handleException(WebDriverManager.java:776)
at io.github.bonigarcia.wdm.WebDriverManager.manage(WebDriverManager.java:550)
at io.github.bonigarcia.wdm.WebDriverManager.handleException(WebDriverManager.java:773)
at io.github.bonigarcia.wdm.WebDriverManager.manage(WebDriverManager.java:550)
at io.github.bonigarcia.wdm.WebDriverManager.handleException(WebDriverManager.java:766)
at io.github.bonigarcia.wdm.WebDriverManager.manage(WebDriverManager.java:550)
at io.github.bonigarcia.wdm.WebDriverManager.setup(WebDriverManager.java:260)
at com.CrossBrowser.generics.BaseTest.openbrowser(BaseTest.java:29)
at java.base/java.util.concurrent.FutureTask.run(FutureTask.java:264)
at java.base/java.util.concurrent.ThreadPoolExecutor.runWorker(ThreadPoolExecutor.java:1130)
at java.base/java.util.concurrent.ThreadPoolExecutor$Worker.run(ThreadPoolExecutor.java:630)
at java.base/java.lang.Thread.run(Thread.java:832)
Caused by: java.lang.NullPointerException: Cannot invoke "java.io.File.getAbsoluteFile()" because the return value of "io.github.bonigarcia.wdm.WebDriverManager.postDownload(java.io.File)" is null
at io.github.bonigarcia.wdm.Downloader.extract(Downloader.java:202)
at io.github.bonigarcia.wdm.Downloader.downloadAndExtract(Downloader.java:138)
at io.github.bonigarcia.wdm.Downloader.download(Downloader.java:81)
at io.github.bonigarcia.wdm.WebDriverManager.downloadCandidateUrls(WebDriverManager.java:784)
at io.github.bonigarcia.wdm.WebDriverManager.downloadAndExport(WebDriverManager.java:578)
at io.github.bonigarcia.wdm.WebDriverManager.manage(WebDriverManager.java:547)
... 27 more
... Removed 17 stack frames]]>
    </failure>
  </testcase> <!-- @BeforeClass openbrowser -->
  <testcase classname="com.CrossBrowser.generics.BaseTest" name="@BeforeMethod enterURL" time="0.0">
    <skipped/>
  </testcase> <!-- @BeforeMethod enterURL -->
  <testcase classname="com.CrossBrowser.generics.BaseTest" name="@AfterMethod closeBrowser" time="0.0">
    <skipped/>
  </testcase> <!-- @AfterMethod closeBrowser -->
  <testcase classname="com.CrossBrowser.test.ActitimeLogin" name="login" time="0.687"/>
</testsuite> <!-- TestChrome -->
